#
# A fatal error has been detected by the Java Runtime Environment:
#
#  EXCEPTION_ACCESS_VIOLATION (0xc0000005) at pc=0x0000000054551caa, pid=3588, tid=0x0000000000002f14
#
# JRE version: Java(TM) SE Runtime Environment (8.0_121-b13) (build 1.8.0_121-b13)
# Java VM: Java HotSpot(TM) 64-Bit Server VM (25.121-b13 mixed mode windows-amd64 compressed oops)
# Problematic frame:
# C  [atio6axx.dll+0x1f1caa]
#
# Failed to write core dump. Minidumps are not enabled by default on client versions of Windows
#
# If you would like to submit a bug report, please visit:
#   http://bugreport.java.com/bugreport/crash.jsp
# The crash happened outside the Java Virtual Machine in native code.
# See problematic frame for where to report the bug.
#

---------------  T H R E A D  ---------------

Current thread (0x000000000238e800):  JavaThread "main" [_thread_in_native, id=12052, stack(0x0000000002390000,0x0000000002490000)]

siginfo: ExceptionCode=0xc0000005, reading address 0x0000000000005420

Registers:
RAX=0x0000000000000000, RBX=0x0000000151eb9dc0, RCX=0x0000000000000000, RDX=0x0000000000661010
RSP=0x000000000248e9b0, RBP=0x0000000000000000, RSI=0x00007ffd577197b8, RDI=0x0000000000005418
R8 =0x0000000000000000, R9 =0x000000000000007c, R10=0x0000000000000000, R11=0x000000000248e800
R12=0x0000000151ebb720, R13=0x00000000142bd718, R14=0x0000000000000000, R15=0x000000000248ebc0
RIP=0x0000000054551caa, EFLAGS=0x0000000000010202

Top of Stack: (sp=0x000000000248e9b0)
0x000000000248e9b0:   0000000000000009 0000000000000009
0x000000000248e9c0:   00007ffd576f14c1 0000000000000000
0x000000000248e9d0:   0000000000000000 000000000248eb18
0x000000000248e9e0:   0000000000000000 0000000000000000
0x000000000248e9f0:   0000000000000000 0000000000000000
0x000000000248ea00:   0000000000000000 0000000000000000
0x000000000248ea10:   0000000000000000 0000000000000000
0x000000000248ea20:   0000000000000000 0000000000000000
0x000000000248ea30:   0000000000000000 0000000000000000
0x000000000248ea40:   0000000000000000 0000000000000000
0x000000000248ea50:   0000000000000000 00007ffd786d83d0
0x000000000248ea60:   0000cb7b58084fd3 0000000000000000
0x000000000248ea70:   0000000000000000 0000000000000000
0x000000000248ea80:   00000000142bd718 0000000151ebb720
0x000000000248ea90:   00007ffd57a80000 000000000248ebc0
0x000000000248eaa0:   00007ffd577197f8 0000000000000000 

Instructions: (pc=0x0000000054551caa)
0x0000000054551c8a:   48 83 c4 40 5e c3 40 57 48 81 ec 50 01 00 00 48
0x0000000054551c9a:   8b 15 d8 cb b3 01 48 8d b9 18 54 00 00 4c 8b c1
0x0000000054551caa:   48 8b 47 08 48 85 c0 74 11 48 ff c8 74 0c 48 8b
0x0000000054551cba:   07 48 81 c4 50 01 00 00 5f c3 48 8b 41 48 48 89 


Register to memory mapping:

RAX=0x0000000000000000 is an unknown value
RBX=0x0000000151eb9dc0 is an unknown value
RCX=0x0000000000000000 is an unknown value
RDX=0x0000000000661010 is an unknown value
RSP=0x000000000248e9b0 is pointing into the stack for thread: 0x000000000238e800
RBP=0x0000000000000000 is an unknown value
RSI=0x00007ffd577197b8 is an unknown value
RDI=0x0000000000005418 is an unknown value
R8 =0x0000000000000000 is an unknown value
R9 =0x000000000000007c is an unknown value
R10=0x0000000000000000 is an unknown value
R11=0x000000000248e800 is pointing into the stack for thread: 0x000000000238e800
R12=0x0000000151ebb720 is an unknown value
R13={method} {0x00000000142bd720} 'invokePPPP' '(IIJJJJ)J' in 'org/lwjgl/system/JNI'
R14=0x0000000000000000 is an unknown value
R15=0x000000000248ebc0 is pointing into the stack for thread: 0x000000000238e800


Stack: [0x0000000002390000,0x0000000002490000],  sp=0x000000000248e9b0,  free space=1018k
Native frames: (J=compiled Java code, j=interpreted, Vv=VM code, C=native code)

Java frames: (J=compiled Java code, j=interpreted, Vv=VM code)
j  org.lwjgl.system.JNI.invokePPPP(IIJJJJ)J+0
j  org.lwjgl.glfw.GLFW.nglfwCreateWindow(IIJJJ)J+14
j  org.lwjgl.glfw.GLFW.glfwCreateWindow(IILjava/lang/CharSequence;JJ)J+37
j  io.Window.createWindow(Ljava/lang/String;)V+25
j  collision.Collision.<init>(Lorg/joml/Vector2f;Z)V+25
j  collision.AABB.getCollision(Lcollision/AABB;)Lcollision/Collision;+92
J 942 C1 entity.Player.update(FLio/Window;Lrender/Camera;Lworld/World;)V (685 bytes) @ 0x00000000028f6ff4 [0x00000000028f4c00+0x23f4]
J 938% C2 game.Main.<init>()V (477 bytes) @ 0x00000000028dabe4 [0x00000000028da940+0x2a4]
j  game.Main.main([Ljava/lang/String;)V+3
v  ~StubRoutines::call_stub

---------------  P R O C E S S  ---------------

Java Threads: ( => current thread )
  0x00000000169ec000 JavaThread "Java2D Disposer" daemon [_thread_blocked, id=13532, stack(0x000000001f690000,0x000000001f790000)]
  0x00000000147be800 JavaThread "Service Thread" daemon [_thread_blocked, id=7032, stack(0x00000000164b0000,0x00000000165b0000)]
  0x000000001476a800 JavaThread "C1 CompilerThread2" daemon [_thread_blocked, id=10152, stack(0x0000000015fb0000,0x00000000160b0000)]
  0x000000001475f000 JavaThread "C2 CompilerThread1" daemon [_thread_blocked, id=11496, stack(0x0000000015eb0000,0x0000000015fb0000)]
  0x000000001475d000 JavaThread "C2 CompilerThread0" daemon [_thread_blocked, id=10768, stack(0x0000000015db0000,0x0000000015eb0000)]
  0x000000001475b000 JavaThread "Attach Listener" daemon [_thread_blocked, id=13184, stack(0x0000000015cb0000,0x0000000015db0000)]
  0x0000000014767800 JavaThread "Signal Dispatcher" daemon [_thread_blocked, id=220, stack(0x0000000015bb0000,0x0000000015cb0000)]
  0x000000000258d000 JavaThread "Finalizer" daemon [_thread_blocked, id=13320, stack(0x00000000159c0000,0x0000000015ac0000)]
  0x0000000002582000 JavaThread "Reference Handler" daemon [_thread_blocked, id=13424, stack(0x00000000158c0000,0x00000000159c0000)]
=>0x000000000238e800 JavaThread "main" [_thread_in_native, id=12052, stack(0x0000000002390000,0x0000000002490000)]

Other Threads:
  0x0000000014728000 VMThread [stack: 0x00000000157c0000,0x00000000158c0000] [id=6752]
  0x00000000160fb800 WatcherThread [stack: 0x00000000165b0000,0x00000000166b0000] [id=6500]

VM state:not at safepoint (normal execution)

VM Mutex/Monitor currently owned by a thread: None

Heap:
 PSYoungGen      total 16896K, used 16058K [0x00000000ed800000, 0x00000000ef900000, 0x0000000100000000)
  eden space 14848K, 94% used [0x00000000ed800000,0x00000000ee5ae958,0x00000000ee680000)
  from space 2048K, 100% used [0x00000000ee680000,0x00000000ee880000,0x00000000ee880000)
  to   space 2048K, 0% used [0x00000000ef700000,0x00000000ef700000,0x00000000ef900000)
 ParOldGen       total 38400K, used 6064K [0x00000000c8800000, 0x00000000cad80000, 0x00000000ed800000)
  object space 38400K, 15% used [0x00000000c8800000,0x00000000c8dec220,0x00000000cad80000)
 Metaspace       used 11795K, capacity 11999K, committed 12416K, reserved 1060864K
  class space    used 944K, capacity 1032K, committed 1152K, reserved 1048576K

Card table byte_map: [0x0000000011950000,0x0000000011b10000] byte_map_base: 0x000000001130c000

Marking Bits: (ParMarkBitMap*) 0x00000000579eb6d0
 Begin Bits: [0x0000000012040000, 0x0000000012e20000)
 End Bits:   [0x0000000012e20000, 0x0000000013c00000)

Polling page: 0x0000000000590000

CodeCache: size=245760Kb used=3561Kb max_used=3568Kb free=242198Kb
 bounds [0x0000000002590000, 0x0000000002910000, 0x0000000011590000]
 total_blobs=1919 nmethods=968 adapters=865
 compilation: enabled

Compilation events (10 events):
Event: 20.255 Thread 0x000000001475f000  963       4       io.Input::update (28 bytes)
Event: 20.271 Thread 0x000000001475f000 nmethod 963 0x00000000028fecd0 code [0x00000000028fee20, 0x00000000028fef68]
Event: 24.766 Thread 0x000000001476a800  964       3       org.joml.Vector2f::x (5 bytes)
Event: 24.773 Thread 0x000000001476a800 nmethod 964 0x00000000028fd7d0 code [0x00000000028fd920, 0x00000000028fda70]
Event: 24.774 Thread 0x000000001476a800  965       3       org.joml.Vector2f::y (5 bytes)
Event: 24.775 Thread 0x000000001476a800 nmethod 965 0x00000000028da010 code [0x00000000028da160, 0x00000000028da2b0]
Event: 26.453 Thread 0x000000001476a800  967       3       org.lwjgl.glfw.EventLoop$OnScreen::check (1 bytes)
Event: 26.457 Thread 0x000000001476a800 nmethod 967 0x00000000028d9950 code [0x00000000028d9aa0, 0x00000000028d9bd0]
Event: 49.568 Thread 0x000000001476a800  968       3       io.Input::<init> (42 bytes)
Event: 50.577 Thread 0x000000001476a800 nmethod 968 0x00000000028d9310 code [0x00000000028d9480, 0x00000000028d97b0]

GC Heap History (6 events):
Event: 2.105 GC heap before
{Heap before GC invocations=1 (full 0):
 PSYoungGen      total 16896K, used 14848K [0x00000000ed800000, 0x00000000eea80000, 0x0000000100000000)
  eden space 14848K, 100% used [0x00000000ed800000,0x00000000ee680000,0x00000000ee680000)
  from space 2048K, 0% used [0x00000000ee880000,0x00000000ee880000,0x00000000eea80000)
  to   space 2048K, 0% used [0x00000000ee680000,0x00000000ee680000,0x00000000ee880000)
 ParOldGen       total 38400K, used 0K [0x00000000c8800000, 0x00000000cad80000, 0x00000000ed800000)
  object space 38400K, 0% used [0x00000000c8800000,0x00000000c8800000,0x00000000cad80000)
 Metaspace       used 8886K, capacity 9113K, committed 9344K, reserved 1058816K
  class space    used 756K, capacity 837K, committed 896K, reserved 1048576K
Event: 2.112 GC heap after
Heap after GC invocations=1 (full 0):
 PSYoungGen      total 16896K, used 2043K [0x00000000ed800000, 0x00000000eea80000, 0x0000000100000000)
  eden space 14848K, 0% used [0x00000000ed800000,0x00000000ed800000,0x00000000ee680000)
  from space 2048K, 99% used [0x00000000ee680000,0x00000000ee87ec78,0x00000000ee880000)
  to   space 2048K, 0% used [0x00000000ee880000,0x00000000ee880000,0x00000000eea80000)
 ParOldGen       total 38400K, used 1444K [0x00000000c8800000, 0x00000000cad80000, 0x00000000ed800000)
  object space 38400K, 3% used [0x00000000c8800000,0x00000000c8969010,0x00000000cad80000)
 Metaspace       used 8886K, capacity 9113K, committed 9344K, reserved 1058816K
  class space    used 756K, capacity 837K, committed 896K, reserved 1048576K
}
Event: 3.038 GC heap before
{Heap before GC invocations=2 (full 0):
 PSYoungGen      total 16896K, used 16891K [0x00000000ed800000, 0x00000000eea80000, 0x0000000100000000)
  eden space 14848K, 100% used [0x00000000ed800000,0x00000000ee680000,0x00000000ee680000)
  from space 2048K, 99% used [0x00000000ee680000,0x00000000ee87ec78,0x00000000ee880000)
  to   space 2048K, 0% used [0x00000000ee880000,0x00000000ee880000,0x00000000eea80000)
 ParOldGen       total 38400K, used 1444K [0x00000000c8800000, 0x00000000cad80000, 0x00000000ed800000)
  object space 38400K, 3% used [0x00000000c8800000,0x00000000c8969010,0x00000000cad80000)
 Metaspace       used 11753K, capacity 11935K, committed 12160K, reserved 1060864K
  class space    used 943K, capacity 1032K, committed 1152K, reserved 1048576K
Event: 3.051 GC heap after
Heap after GC invocations=2 (full 0):
 PSYoungGen      total 16896K, used 2033K [0x00000000ed800000, 0x00000000eea80000, 0x0000000100000000)
  eden space 14848K, 0% used [0x00000000ed800000,0x00000000ed800000,0x00000000ee680000)
  from space 2048K, 99% used [0x00000000ee880000,0x00000000eea7c6d0,0x00000000eea80000)
  to   space 2048K, 0% used [0x00000000ee680000,0x00000000ee680000,0x00000000ee880000)
 ParOldGen       total 38400K, used 2568K [0x00000000c8800000, 0x00000000cad80000, 0x00000000ed800000)
  object space 38400K, 6% used [0x00000000c8800000,0x00000000c8a82220,0x00000000cad80000)
 Metaspace       used 11753K, capacity 11935K, committed 12160K, reserved 1060864K
  class space    used 943K, capacity 1032K, committed 1152K, reserved 1048576K
}
Event: 4.184 GC heap before
{Heap before GC invocations=3 (full 0):
 PSYoungGen      total 16896K, used 16881K [0x00000000ed800000, 0x00000000eea80000, 0x0000000100000000)
  eden space 14848K, 100% used [0x00000000ed800000,0x00000000ee680000,0x00000000ee680000)
  from space 2048K, 99% used [0x00000000ee880000,0x00000000eea7c6d0,0x00000000eea80000)
  to   space 2048K, 0% used [0x00000000ee680000,0x00000000ee680000,0x00000000ee880000)
 ParOldGen       total 38400K, used 2568K [0x00000000c8800000, 0x00000000cad80000, 0x00000000ed800000)
  object space 38400K, 6% used [0x00000000c8800000,0x00000000c8a82220,0x00000000cad80000)
 Metaspace       used 11789K, capacity 11999K, committed 12416K, reserved 1060864K
  class space    used 943K, capacity 1032K, committed 1152K, reserved 1048576K
Event: 4.204 GC heap after
Heap after GC invocations=3 (full 0):
 PSYoungGen      total 16896K, used 2048K [0x00000000ed800000, 0x00000000ef900000, 0x0000000100000000)
  eden space 14848K, 0% used [0x00000000ed800000,0x00000000ed800000,0x00000000ee680000)
  from space 2048K, 100% used [0x00000000ee680000,0x00000000ee880000,0x00000000ee880000)
  to   space 2048K, 0% used [0x00000000ef700000,0x00000000ef700000,0x00000000ef900000)
 ParOldGen       total 38400K, used 6064K [0x00000000c8800000, 0x00000000cad80000, 0x00000000ed800000)
  object space 38400K, 15% used [0x00000000c8800000,0x00000000c8dec220,0x00000000cad80000)
 Metaspace       used 11789K, capacity 11999K, committed 12416K, reserved 1060864K
  class space    used 943K, capacity 1032K, committed 1152K, reserved 1048576K
}

Deoptimization events (9 events):
Event: 2.343 Thread 0x000000000238e800 Uncommon trap: reason=unstable_if action=reinterpret pc=0x0000000002861320 method=java.awt.image.BufferedImage.getRGB(IIII[III)[I @ 163
Event: 3.052 Thread 0x000000000238e800 Uncommon trap: reason=unstable_if action=reinterpret pc=0x00000000028c8f90 method=java.nio.Bits.tryReserveMemory(JI)Z @ 29
Event: 3.055 Thread 0x000000000238e800 Uncommon trap: reason=unstable_if action=reinterpret pc=0x00000000028c4f40 method=java.nio.Bits.tryReserveMemory(JI)Z @ 29
Event: 3.055 Thread 0x000000000238e800 Uncommon trap: reason=unstable_if action=reinterpret pc=0x00000000028c5360 method=java.nio.Bits.tryReserveMemory(JI)Z @ 29
Event: 3.410 Thread 0x000000000238e800 Uncommon trap: reason=predicate action=maybe_recompile pc=0x00000000028dc4c4 method=game.Main.<init>()V @ 332
Event: 4.077 Thread 0x000000000238e800 Uncommon trap: reason=unstable_if action=reinterpret pc=0x00000000028b5130 method=io.Input.isKeyDown(I)Z @ 9
Event: 4.204 Thread 0x000000000238e800 Uncommon trap: reason=unstable_if action=reinterpret pc=0x00000000028dfd34 method=java.nio.Bits.tryReserveMemory(JI)Z @ 29
Event: 5.540 Thread 0x000000000238e800 Uncommon trap: reason=unstable_if action=reinterpret pc=0x0000000002901aec method=render.Shader.setUniform(Ljava/lang/String;I)V @ 11
Event: 5.540 Thread 0x000000000238e800 Uncommon trap: reason=unstable_if action=reinterpret pc=0x00000000028d6a14 method=render.Shader.setUniform(Ljava/lang/String;Lorg/joml/Matrix4f;)V @ 25

Internal exceptions (10 events):
Event: 4.462 Thread 0x000000000238e800 Exception <a 'java/lang/ArrayIndexOutOfBoundsException'> (0x00000000edb5f978) thrown at [C:\re\workspace\8-2-build-windows-amd64-cygwin\jdk8u121\8372\hotspot\src\share\vm\runtime\sharedRuntime.cpp, line 605]
Event: 4.481 Thread 0x000000000238e800 Exception <a 'java/lang/ArrayIndexOutOfBoundsException'> (0x00000000edb98160) thrown at [C:\re\workspace\8-2-build-windows-amd64-cygwin\jdk8u121\8372\hotspot\src\share\vm\runtime\sharedRuntime.cpp, line 605]
Event: 4.497 Thread 0x000000000238e800 Exception <a 'java/lang/ArrayIndexOutOfBoundsException'> (0x00000000edbd0930) thrown at [C:\re\workspace\8-2-build-windows-amd64-cygwin\jdk8u121\8372\hotspot\src\share\vm\runtime\sharedRuntime.cpp, line 605]
Event: 4.512 Thread 0x000000000238e800 Exception <a 'java/lang/ArrayIndexOutOfBoundsException'> (0x00000000edc05ae0) thrown at [C:\re\workspace\8-2-build-windows-amd64-cygwin\jdk8u121\8372\hotspot\src\share\vm\runtime\sharedRuntime.cpp, line 605]
Event: 4.528 Thread 0x000000000238e800 Exception <a 'java/lang/ArrayIndexOutOfBoundsException'> (0x00000000edc3ac98) thrown at [C:\re\workspace\8-2-build-windows-amd64-cygwin\jdk8u121\8372\hotspot\src\share\vm\runtime\sharedRuntime.cpp, line 605]
Event: 4.544 Thread 0x000000000238e800 Exception <a 'java/lang/ArrayIndexOutOfBoundsException'> (0x00000000edc6fe70) thrown at [C:\re\workspace\8-2-build-windows-amd64-cygwin\jdk8u121\8372\hotspot\src\share\vm\runtime\sharedRuntime.cpp, line 605]
Event: 4.561 Thread 0x000000000238e800 Exception <a 'java/lang/ArrayIndexOutOfBoundsException'> (0x00000000edca5080) thrown at [C:\re\workspace\8-2-build-windows-amd64-cygwin\jdk8u121\8372\hotspot\src\share\vm\runtime\sharedRuntime.cpp, line 605]
Event: 4.577 Thread 0x000000000238e800 Exception <a 'java/lang/ArrayIndexOutOfBoundsException'> (0x00000000edcda290) thrown at [C:\re\workspace\8-2-build-windows-amd64-cygwin\jdk8u121\8372\hotspot\src\share\vm\runtime\sharedRuntime.cpp, line 605]
Event: 4.594 Thread 0x000000000238e800 Exception <a 'java/lang/ArrayIndexOutOfBoundsException'> (0x00000000edd0f448) thrown at [C:\re\workspace\8-2-build-windows-amd64-cygwin\jdk8u121\8372\hotspot\src\share\vm\runtime\sharedRuntime.cpp, line 605]
Event: 4.610 Thread 0x000000000238e800 Exception <a 'java/lang/ArrayIndexOutOfBoundsException'> (0x00000000edd44630) thrown at [C:\re\workspace\8-2-build-windows-amd64-cygwin\jdk8u121\8372\hotspot\src\share\vm\runtime\sharedRuntime.cpp, line 605]

Events (10 events):
Event: 5.540 Thread 0x000000000238e800 Uncommon trap: trap_request=0xffffff65 fr.pc=0x0000000002901aec
Event: 5.540 Thread 0x000000000238e800 DEOPT PACKING pc=0x0000000002901aec sp=0x000000000248f430
Event: 5.540 Thread 0x000000000238e800 DEOPT UNPACKING pc=0x00000000025d582a sp=0x000000000248f368 mode 2
Event: 5.540 Thread 0x000000000238e800 Uncommon trap: trap_request=0xffffff65 fr.pc=0x00000000028d6a14
Event: 5.540 Thread 0x000000000238e800 DEOPT PACKING pc=0x00000000028d6a14 sp=0x000000000248f360
Event: 5.540 Thread 0x000000000238e800 DEOPT UNPACKING pc=0x00000000025d582a sp=0x000000000248f350 mode 2
Event: 20.256 Thread 0x000000000238e800 DEOPT PACKING pc=0x00000000028d4af2 sp=0x000000000248f3c0
Event: 20.258 Thread 0x000000000238e800 DEOPT UNPACKING pc=0x00000000025d747f sp=0x000000000248f178 mode 0
Event: 58.353 loading class org/lwjgl/system/MultiReleaseTextDecoding
Event: 58.353 loading class org/lwjgl/system/MultiReleaseTextDecoding done


Dynamic libraries:
0x00007ff71dd20000 - 0x00007ff71dd57000 	C:\Program Files\Java\jre1.8.0_121\bin\javaw.exe
0x00007ffd786d0000 - 0x00007ffd788b1000 	C:\WINDOWS\SYSTEM32\ntdll.dll
0x00007ffd75f00000 - 0x00007ffd75fb1000 	C:\WINDOWS\System32\KERNEL32.DLL
0x00007ffd74c10000 - 0x00007ffd74e83000 	C:\WINDOWS\System32\KERNELBASE.dll
0x00007ffd75b50000 - 0x00007ffd75bf1000 	C:\WINDOWS\System32\ADVAPI32.dll
0x00007ffd75cd0000 - 0x00007ffd75d6e000 	C:\WINDOWS\System32\msvcrt.dll
0x00007ffd75fc0000 - 0x00007ffd7601b000 	C:\WINDOWS\System32\sechost.dll
0x00007ffd77880000 - 0x00007ffd779a4000 	C:\WINDOWS\System32\RPCRT4.dll
0x00007ffd779b0000 - 0x00007ffd77b40000 	C:\WINDOWS\System32\USER32.dll
0x00007ffd75a90000 - 0x00007ffd75ab0000 	C:\WINDOWS\System32\win32u.dll
0x00007ffd75d70000 - 0x00007ffd75d98000 	C:\WINDOWS\System32\GDI32.dll
0x00007ffd74e90000 - 0x00007ffd75021000 	C:\WINDOWS\System32\gdi32full.dll
0x00007ffd75ab0000 - 0x00007ffd75b4f000 	C:\WINDOWS\System32\msvcp_win.dll
0x00007ffd74a90000 - 0x00007ffd74b88000 	C:\WINDOWS\System32\ucrtbase.dll
0x00007ffd65970000 - 0x00007ffd65bd9000 	C:\WINDOWS\WinSxS\amd64_microsoft.windows.common-controls_6595b64144ccf1df_6.0.17134.1006_none_d3fbb8f77c940c3f\COMCTL32.dll
0x00007ffd78300000 - 0x00007ffd78621000 	C:\WINDOWS\System32\combase.dll
0x00007ffd74b90000 - 0x00007ffd74c09000 	C:\WINDOWS\System32\bcryptPrimitives.dll
0x00007ffd782d0000 - 0x00007ffd782fd000 	C:\WINDOWS\System32\IMM32.DLL
0x0000000057b30000 - 0x0000000057c02000 	C:\Program Files\Java\jre1.8.0_121\bin\msvcr100.dll
0x00000000571d0000 - 0x0000000057a6b000 	C:\Program Files\Java\jre1.8.0_121\bin\server\jvm.dll
0x00007ffd76420000 - 0x00007ffd76428000 	C:\WINDOWS\System32\PSAPI.DLL
0x00007ffd726c0000 - 0x00007ffd726e3000 	C:\WINDOWS\SYSTEM32\WINMM.dll
0x00007ffd64f80000 - 0x00007ffd64f89000 	C:\WINDOWS\SYSTEM32\WSOCK32.dll
0x00007ffd6ff90000 - 0x00007ffd6ff9a000 	C:\WINDOWS\SYSTEM32\VERSION.dll
0x00007ffd77bc0000 - 0x00007ffd77c2c000 	C:\WINDOWS\System32\WS2_32.dll
0x00007ffd72690000 - 0x00007ffd726ba000 	C:\WINDOWS\SYSTEM32\winmmbase.dll
0x00007ffd75a40000 - 0x00007ffd75a89000 	C:\WINDOWS\System32\cfgmgr32.dll
0x00000000570e0000 - 0x00000000570ef000 	C:\Program Files\Java\jre1.8.0_121\bin\verify.dll
0x00000000570b0000 - 0x00000000570d9000 	C:\Program Files\Java\jre1.8.0_121\bin\java.dll
0x0000000057090000 - 0x00000000570a6000 	C:\Program Files\Java\jre1.8.0_121\bin\zip.dll
0x00007ffd76430000 - 0x00007ffd77872000 	C:\WINDOWS\System32\SHELL32.dll
0x00007ffd78080000 - 0x00007ffd78129000 	C:\WINDOWS\System32\shcore.dll
0x00007ffd75220000 - 0x00007ffd7592e000 	C:\WINDOWS\System32\windows.storage.dll
0x00007ffd78640000 - 0x00007ffd78691000 	C:\WINDOWS\System32\shlwapi.dll
0x00007ffd74a40000 - 0x00007ffd74a51000 	C:\WINDOWS\System32\kernel.appcore.dll
0x00007ffd74a70000 - 0x00007ffd74a8f000 	C:\WINDOWS\System32\profapi.dll
0x00007ffd749f0000 - 0x00007ffd74a3c000 	C:\WINDOWS\System32\powrprof.dll
0x00007ffd74a60000 - 0x00007ffd74a6a000 	C:\WINDOWS\System32\FLTLIB.DLL
0x0000000057070000 - 0x000000005708a000 	C:\Program Files\Java\jre1.8.0_121\bin\net.dll
0x00007ffd741f0000 - 0x00007ffd74256000 	C:\WINDOWS\system32\mswsock.dll
0x0000000057050000 - 0x0000000057061000 	C:\Program Files\Java\jre1.8.0_121\bin\nio.dll
0x00007ffd57760000 - 0x00007ffd577c4000 	C:\Users\user\AppData\Local\Temp\lwjgluser\3.2.3-build-13\lwjgl.dll
0x00007ffd576f0000 - 0x00007ffd57752000 	C:\Users\user\AppData\Local\Temp\lwjgluser\3.2.3-build-13\glfw.dll
0x00007ffd73030000 - 0x00007ffd730c8000 	C:\WINDOWS\system32\uxtheme.dll
0x00007ffd52cc0000 - 0x00007ffd52d03000 	C:\WINDOWS\SYSTEM32\dinput8.dll
0x00007ffd6a2d0000 - 0x00007ffd6a2e0000 	C:\WINDOWS\SYSTEM32\xinput1_4.dll
0x00007ffd74780000 - 0x00007ffd747a7000 	C:\WINDOWS\SYSTEM32\DEVOBJ.dll
0x00007ffd73100000 - 0x00007ffd73129000 	C:\WINDOWS\SYSTEM32\dwmapi.dll
0x00007ffd6d300000 - 0x00007ffd6d379000 	C:\WINDOWS\SYSTEM32\inputhost.dll
0x00007ffd70d90000 - 0x00007ffd70edd000 	C:\WINDOWS\SYSTEM32\wintypes.dll
0x00007ffd72af0000 - 0x00007ffd72bca000 	C:\WINDOWS\SYSTEM32\CoreMessaging.dll
0x00007ffd6edf0000 - 0x00007ffd6f10e000 	C:\WINDOWS\SYSTEM32\CoreUIComponents.dll
0x00007ffd73b00000 - 0x00007ffd73b31000 	C:\WINDOWS\SYSTEM32\ntmarta.dll
0x00007ffd76020000 - 0x00007ffd76193000 	C:\WINDOWS\System32\MSCTF.dll
0x00007ffd75c00000 - 0x00007ffd75cc2000 	C:\WINDOWS\System32\OLEAUT32.dll
0x00007ffd67a20000 - 0x00007ffd67a43000 	C:\WINDOWS\system32\atklshld64.dll
0x00007ffd73690000 - 0x00007ffd7369c000 	C:\WINDOWS\SYSTEM32\HID.DLL
0x00007ffd77c30000 - 0x00007ffd7807b000 	C:\WINDOWS\System32\SETUPAPI.DLL
0x00007ffd759e0000 - 0x00007ffd75a37000 	C:\WINDOWS\System32\WINTRUST.dll
0x00007ffd749d0000 - 0x00007ffd749e2000 	C:\WINDOWS\System32\MSASN1.dll
0x00007ffd75030000 - 0x00007ffd75212000 	C:\WINDOWS\System32\CRYPT32.dll
0x00007ffd57a80000 - 0x00007ffd57ba0000 	C:\WINDOWS\SYSTEM32\opengl32.dll
0x00007ffd63c40000 - 0x00007ffd63c6c000 	C:\WINDOWS\SYSTEM32\GLU32.dll
0x00007ffd68b10000 - 0x00007ffd68b28000 	C:\WINDOWS\SYSTEM32\atig6pxx.dll
0x0000000054360000 - 0x00000000561f8000 	C:\WINDOWS\SYSTEM32\atio6axx.dll
0x00007ffd56aa0000 - 0x00007ffd56be8000 	C:\WINDOWS\SYSTEM32\atiadlxx.dll
0x00007ffd75da0000 - 0x00007ffd75ef1000 	C:\WINDOWS\System32\ole32.dll
0x00007ffd74900000 - 0x00007ffd74928000 	C:\WINDOWS\SYSTEM32\USERENV.dll
0x00007ffd70370000 - 0x00007ffd70525000 	C:\WINDOWS\SYSTEM32\PROPSYS.dll
0x00007ffd73f40000 - 0x00007ffd73f78000 	C:\WINDOWS\SYSTEM32\IPHLPAPI.DLL
0x00007ffd71170000 - 0x00007ffd71183000 	C:\WINDOWS\SYSTEM32\WTSAPI32.dll
0x00007ffd63bf0000 - 0x00007ffd63c1c000 	C:\WINDOWS\SYSTEM32\atig6txx.dll
0x00007ffd737e0000 - 0x00007ffd7389b000 	C:\WINDOWS\SYSTEM32\dxgi.dll
0x00007ffd71cf0000 - 0x00007ffd71ffb000 	C:\WINDOWS\SYSTEM32\d3d11.dll
0x00007ffd6c9c0000 - 0x00007ffd6cb31000 	C:\WINDOWS\SYSTEM32\aticfx64.dll
0x00007ffd6f110000 - 0x00007ffd6f138000 	C:\WINDOWS\SYSTEM32\atiuxp64.dll
0x00007ffd693a0000 - 0x00007ffd6a05d000 	C:\WINDOWS\SYSTEM32\atidxx64.dll
0x00007ffd6c530000 - 0x00007ffd6c5c6000 	C:\WINDOWS\System32\TextInputFramework.dll
0x00007ffd3f5e0000 - 0x00007ffd3f639000 	C:\Users\user\AppData\Local\Temp\lwjgluser\3.2.3-build-13\lwjgl_opengl.dll
0x0000000056cd0000 - 0x0000000056e68000 	C:\Program Files\Java\jre1.8.0_121\bin\awt.dll
0x00007ffd72cf0000 - 0x00007ffd72d7b000 	C:\WINDOWS\SYSTEM32\apphelp.dll
0x00007ffd676c0000 - 0x00007ffd67889000 	C:\WINDOWS\SYSTEM32\dbghelp.dll

VM Arguments:
jvm_args: -Dfile.encoding=Cp1252 
java_command: game.Main
java_class_path (initial): C:\Users\user\eclipse-workspace\com.base.engine\bin;C:\Users\user\eclipse-workspace\com.base.engine\library\lwjgl\lwjgl-javadoc.jar;C:\Users\user\eclipse-workspace\com.base.engine\library\lwjgl\lwjgl-natives-windows.jar;C:\Users\user\eclipse-workspace\com.base.engine\library\lwjgl\lwjgl-sources.jar;C:\Users\user\eclipse-workspace\com.base.engine\library\lwjgl\lwjgl.jar;C:\Users\user\eclipse-workspace\com.base.engine\library\lwjgl-assimp\lwjgl-assimp-javadoc.jar;C:\Users\user\eclipse-workspace\com.base.engine\library\lwjgl-assimp\lwjgl-assimp-natives-windows.jar;C:\Users\user\eclipse-workspace\com.base.engine\library\lwjgl-assimp\lwjgl-assimp-sources.jar;C:\Users\user\eclipse-workspace\com.base.engine\library\lwjgl-assimp\lwjgl-assimp.jar;C:\Users\user\eclipse-workspace\com.base.engine\library\lwjgl-bgfx\lwjgl-bgfx-javadoc.jar;C:\Users\user\eclipse-workspace\com.base.engine\library\lwjgl-bgfx\lwjgl-bgfx-natives-windows.jar;C:\Users\user\eclipse-workspace\com.base.engine\library\lwjgl-bgfx\lwjgl-bgfx-sources.jar;C:\Users\user\eclipse-workspace\com.base.engine\library\lwjgl-bgfx\lwjgl-bgfx.jar;C:\Users\user\eclipse-workspace\com.base.engine\library\lwjgl-glfw\lwjgl-glfw-javadoc.jar;C:\Users\user\eclipse-workspace\com.base.engine\library\lwjgl-glfw\lwjgl-glfw-natives-windows.jar;C:\Users\user\eclipse-workspace\com.base.engine\library\lwjgl-glfw\lwjgl-glfw-sources.jar;C:\Users\user\eclipse-workspace\com.base.engine\library\lwjgl-glfw\lwjgl-glfw.jar;C:\Users\user\eclipse-workspace\com.base.engine\library\lwjgl-nanovg\lwjgl-nanovg-javadoc.jar;C:\Users\user\eclipse-workspace\com.base.engine\library\lwjgl-nanovg\lwjgl-nanovg-natives-windows.jar;C:\Users\user\eclipse-workspace\com.base.engine\library\lwjgl-nanovg\lwjgl-nanovg-sources.jar;C:\Users\user\eclipse-workspace\com.base.engine\library\lwjgl-nanovg\lwjgl-nanovg.jar;C:\Users\user\eclipse-workspace\com.base.engine\library\lwjgl-openal\lwjgl-openal-javadoc.jar;C:\Users\user\eclipse-workspace\c
Launcher Type: SUN_STANDARD

Environment Variables:
JAVA_HOME=C:\Program Files\Java\jdk-12.0.2
PATH=C:/Program Files/Java/jre1.8.0_121/bin/server;C:/Program Files/Java/jre1.8.0_121/bin;C:/Program Files/Java/jre1.8.0_121/lib/amd64;C:\ProgramData\Oracle\Java\javapath;C:\WINDOWS\system32;C:\WINDOWS;C:\WINDOWS\System32\Wbem;C:\WINDOWS\System32\WindowsPowerShell\v1.0\;C:\Program Files (x86)\MySQL\MySQL Server 5.1\bin;C:\WINDOWS\System32\OpenSSH\;C:\Program Files\Git\cmd;C:\Users\user\AppData\Local\Programs\Python\Python37-32\Scripts\;C:\Users\user\AppData\Local\Programs\Python\Python37-32\;C:\Users\user\AppData\Local\Microsoft\WindowsApps;;C:\Users\user\Desktop;
USERNAME=user
OS=Windows_NT
PROCESSOR_IDENTIFIER=AMD64 Family 22 Model 48 Stepping 1, AuthenticAMD



---------------  S Y S T E M  ---------------

OS: Windows 10.0 , 64 bit Build 17134 (10.0.17134.753)

CPU:total 4 (4 cores per cpu, 1 threads per core) family 22 model 48 stepping 1, cmov, cx8, fxsr, mmx, sse, sse2, sse3, ssse3, sse4.1, sse4.2, popcnt, avx, aes, clmul, mmxext, 3dnowpref, lzcnt, sse4a, tsc, tscinvbit, tscinv, bmi1

Memory: 4k page, physical 3635312k(227348k free), swap 9259664k(1613676k free)

vm_info: Java HotSpot(TM) 64-Bit Server VM (25.121-b13) for windows-amd64 JRE (1.8.0_121-b13), built on Dec 12 2016 18:21:36 by "java_re" with MS VC++ 10.0 (VS2010)

time: Fri Sep 13 11:43:07 2019
elapsed time: 64 seconds (0d 0h 1m 4s)

